<?xml version="1.0" encoding="UTF-8"?>
<!-- Generated by org.testng.reporters.JUnitReportReporter -->
<testsuite hostname="LAPTOP-UM9ID17S" failures="0" tests="2" name="com.inetbanking_hybridframework.testcases.NewCustomerPageTestCases" time="0.552" errors="0" timestamp="2024-09-07T22:30:53 IST" skipped="0">
  <testcase classname="com.inetbanking_hybridframework.testcases.NewCustomerPageTestCases" name="validateNewCustomerPageTitle" time="0.509"/>
  <testcase classname="com.inetbanking_hybridframework.testcases.NewCustomerPageTestCases" name="validateNewCustomerPageHeader" time="0.043"/>
</testsuite> <!-- com.inetbanking_hybridframework.testcases.NewCustomerPageTestCases -->
