<?xml version="1.0" encoding="UTF-8"?>
<!-- Generated by org.testng.reporters.JUnitReportReporter -->
<testsuite hostname="LAPTOP-UM9ID17S" failures="0" tests="2" name="com.inetbanking_hybridframework.testcases.ManagerPageTestCases" time="0.492" errors="0" timestamp="2024-09-07T22:05:56 IST" skipped="0">
  <testcase classname="com.inetbanking_hybridframework.testcases.ManagerPageTestCases" name="validateManagerLoggedInID" time="0.036"/>
  <testcase classname="com.inetbanking_hybridframework.testcases.ManagerPageTestCases" name="validateManagerLoginWelcomeMessage" time="0.456"/>
</testsuite> <!-- com.inetbanking_hybridframework.testcases.ManagerPageTestCases -->
